<?xml version="1.0" encoding="UTF-8"?>
<coverage generated="1752823984547" clover="3.2.0">
  <project timestamp="1752823984548" name="All files">
    <metrics statements="7" coveredstatements="7" conditionals="6" coveredconditionals="6" methods="1" coveredmethods="1" elements="14" coveredelements="14" complexity="0" loc="7" ncloc="7" packages="1" files="1" classes="1"/>
    <file name="Button.jsx" path="C:\Users\user\MERN\week-6\week-6-Assignment\week-6-test-debug-assignment-KelvinMbugii\client\src\components\Button.jsx">
      <metrics statements="7" coveredstatements="7" conditionals="6" coveredconditionals="6" methods="1" coveredmethods="1"/>
      <line num="4" count="1" type="stmt"/>
      <line num="14" count="12" type="stmt"/>
      <line num="16" count="12" type="stmt"/>
      <line num="23" count="12" type="stmt"/>
      <line num="29" count="12" type="stmt"/>
      <line num="38" count="12" type="stmt"/>
      <line num="50" count="1" type="stmt"/>
    </file>
  </project>
</coverage>
